<?xml version="1.0" encoding="UTF-8"?>
<!-- Generated by org.testng.reporters.JUnitReportReporter -->
<testsuite hostname="LAPTOP-D72R403P" failures="0" tests="2" name="runner.CucumberRunnerTests" time="182.144" errors="0" timestamp="2023-04-05T11:44:59 IST" skipped="0">
  <testcase classname="runner.CucumberRunnerTests" name="runScenario" time="96.914"/>
  <system-out/>
  <testcase classname="runner.CucumberRunnerTests" name="runScenario" time="85.230"/>
  <system-out/>
</testsuite> <!-- runner.CucumberRunnerTests -->
