<?xml version="1.0" encoding="UTF-8"?>
<!-- Generated by org.testng.reporters.JUnitReportReporter -->
<testsuite hostname="LAPTOP-D72R403P" failures="0" tests="1" name="RUNNER.CucumberRunnerTests" time="67.818" errors="0" timestamp="2023-04-11T15:37:12 IST" skipped="0">
  <testcase classname="RUNNER.CucumberRunnerTests" name="runScenario" time="67.818"/>
  <system-out/>
</testsuite> <!-- RUNNER.CucumberRunnerTests -->
